<?xml version="1.0" encoding="UTF-8"?>
<!-- Generated by org.testng.reporters.JUnitReportReporter -->
<testsuite hostname="DESKTOP-EPC4BAP" failures="0" tests="1" name="eCommerceLive.TestCase_6" time="8.703" errors="0" timestamp="29 Dec 2020 11:35:41 GMT" skipped="0">
  <testcase classname="eCommerceLive.TestCase_6" name="testCase6testDay6" time="8.703"/>
</testsuite> <!-- eCommerceLive.TestCase_6 -->
