<?xml version="1.0" encoding="UTF-8"?>
<!-- Generated by org.testng.reporters.JUnitReportReporter -->
<testsuite hostname="DESKTOP-EPC4BAP" failures="0" tests="1" name="eCommerceLive.TestCase2" time="17.763" errors="0" timestamp="24 Dec 2020 10:32:39 GMT" skipped="0">
  <testcase classname="eCommerceLive.TestCase2" name="testTestCase2" time="17.763"/>
</testsuite> <!-- eCommerceLive.TestCase2 -->
