<?xml version="1.0" encoding="UTF-8"?>
<!-- Generated by org.testng.reporters.JUnitReportReporter -->
<testsuite hostname="DESKTOP-EPC4BAP" failures="0" tests="1" name="eCommerceLive.TestCase1" time="21.734" errors="0" timestamp="29 Dec 2020 14:40:45 GMT" skipped="0">
  <testcase classname="eCommerceLive.TestCase1" name="testDay1TestCase1" time="21.734"/>
</testsuite> <!-- eCommerceLive.TestCase1 -->
