<?xml version="1.0" encoding="UTF-8"?>
<!-- Generated by org.testng.reporters.JUnitReportReporter -->
<testsuite hostname="DESKTOP-EPC4BAP" failures="0" tests="1" name="eCommerceLive.TestCase_2" time="10.612" errors="0" timestamp="24 Dec 2020 11:22:22 GMT" skipped="0">
  <testcase classname="eCommerceLive.TestCase_2" name="testDay2TestCase2" time="10.612"/>
</testsuite> <!-- eCommerceLive.TestCase_2 -->
